Determining if the pthread_create exist failed with the following output:
Change Dir: /home/babbi/Workspace/database_systems_implementation/P1/CMakeFiles/CMakeTmp

Run Build Command:"/usr/bin/make" "cmTC_b5750/fast"
/usr/bin/make -f CMakeFiles/cmTC_b5750.dir/build.make CMakeFiles/cmTC_b5750.dir/build
make[1]: Entering directory '/home/babbi/Workspace/database_systems_implementation/P1/CMakeFiles/CMakeTmp'
Building C object CMakeFiles/cmTC_b5750.dir/CheckSymbolExists.c.o
/usr/bin/cc    -o CMakeFiles/cmTC_b5750.dir/CheckSymbolExists.c.o   -c /home/babbi/Workspace/database_systems_implementation/P1/CMakeFiles/CMakeTmp/CheckSymbolExists.c
Linking C executable cmTC_b5750
/usr/bin/cmake -E cmake_link_script CMakeFiles/cmTC_b5750.dir/link.txt --verbose=1
/usr/bin/cc      -rdynamic CMakeFiles/cmTC_b5750.dir/CheckSymbolExists.c.o  -o cmTC_b5750 
/usr/bin/ld: CMakeFiles/cmTC_b5750.dir/CheckSymbolExists.c.o: in function `main':
CheckSymbolExists.c:(.text+0x1b): undefined reference to `pthread_create'
collect2: error: ld returned 1 exit status
make[1]: *** [CMakeFiles/cmTC_b5750.dir/build.make:87: cmTC_b5750] Error 1
make[1]: Leaving directory '/home/babbi/Workspace/database_systems_implementation/P1/CMakeFiles/CMakeTmp'
make: *** [Makefile:121: cmTC_b5750/fast] Error 2

File /home/babbi/Workspace/database_systems_implementation/P1/CMakeFiles/CMakeTmp/CheckSymbolExists.c:
/* */
#include <pthread.h>

int main(int argc, char** argv)
{
  (void)argv;
#ifndef pthread_create
  return ((int*)(&pthread_create))[argc];
#else
  (void)argc;
  return 0;
#endif
}

Determining if the function pthread_create exists in the pthreads failed with the following output:
Change Dir: /home/babbi/Workspace/database_systems_implementation/P1/CMakeFiles/CMakeTmp

Run Build Command:"/usr/bin/make" "cmTC_93016/fast"
/usr/bin/make -f CMakeFiles/cmTC_93016.dir/build.make CMakeFiles/cmTC_93016.dir/build
make[1]: Entering directory '/home/babbi/Workspace/database_systems_implementation/P1/CMakeFiles/CMakeTmp'
Building C object CMakeFiles/cmTC_93016.dir/CheckFunctionExists.c.o
/usr/bin/cc   -DCHECK_FUNCTION_EXISTS=pthread_create   -o CMakeFiles/cmTC_93016.dir/CheckFunctionExists.c.o   -c /usr/share/cmake-3.12/Modules/CheckFunctionExists.c
Linking C executable cmTC_93016
/usr/bin/cmake -E cmake_link_script CMakeFiles/cmTC_93016.dir/link.txt --verbose=1
/usr/bin/cc  -DCHECK_FUNCTION_EXISTS=pthread_create    -rdynamic CMakeFiles/cmTC_93016.dir/CheckFunctionExists.c.o  -o cmTC_93016 -lpthreads 
/usr/bin/ld: cannot find -lpthreads
collect2: error: ld returned 1 exit status
make[1]: *** [CMakeFiles/cmTC_93016.dir/build.make:87: cmTC_93016] Error 1
make[1]: Leaving directory '/home/babbi/Workspace/database_systems_implementation/P1/CMakeFiles/CMakeTmp'
make: *** [Makefile:121: cmTC_93016/fast] Error 2


